d:\facultate an ii\semestrul 1\programre orientata obiect\tank++\gameengine\x64\debug\vc143.pdb
d:\facultate an ii\semestrul 1\programre orientata obiect\tank++\gameengine\x64\debug\vc143.idb
d:\facultate an ii\semestrul 1\programre orientata obiect\tank++\gameengine\x64\debug\tinyxml2.obj
d:\facultate an ii\semestrul 1\programre orientata obiect\tank++\gameengine\x64\debug\timemanager.obj
d:\facultate an ii\semestrul 1\programre orientata obiect\tank++\gameengine\x64\debug\director.obj
d:\facultate an ii\semestrul 1\programre orientata obiect\tank++\gameengine\x64\debug\builder.obj
d:\facultate an ii\semestrul 1\programre orientata obiect\tank++\gameengine\x64\debug\renderermanager.obj
d:\facultate an ii\semestrul 1\programre orientata obiect\tank++\gameengine\x64\debug\playerbuilder.obj
d:\facultate an ii\semestrul 1\programre orientata obiect\tank++\gameengine\x64\debug\mediator.obj
d:\facultate an ii\semestrul 1\programre orientata obiect\tank++\gameengine\x64\debug\inputmanager.obj
d:\facultate an ii\semestrul 1\programre orientata obiect\tank++\gameengine\x64\debug\engine.obj
d:\facultate an ii\semestrul 1\programre orientata obiect\tank++\gameengine\x64\debug\game.obj
d:\facultate an ii\semestrul 1\programre orientata obiect\tank++\gameengine\x64\debug\enemybuilder.obj
d:\facultate an ii\semestrul 1\programre orientata obiect\tank++\gameengine\x64\debug\component.obj
d:\facultate an ii\semestrul 1\programre orientata obiect\tank++\gameengine\x64\debug\collisionmanager.obj
d:\facultate an ii\semestrul 1\programre orientata obiect\tank++\gameengine\x64\debug\cameramanager.obj
d:\facultate an ii\semestrul 1\programre orientata obiect\tank++\gameengine\x64\debug\assetsstorage.obj
d:\facultate an ii\semestrul 1\programre orientata obiect\tank++\gameengine\x64\debug\animationshandler.obj
d:\facultate an ii\semestrul 1\programre orientata obiect\tank++\gameengine\x64\debug\spritecomponent.obj
d:\facultate an ii\semestrul 1\programre orientata obiect\tank++\gameengine\x64\debug\map.obj
d:\facultate an ii\semestrul 1\programre orientata obiect\tank++\gameengine\x64\debug\inputbehavior.obj
d:\facultate an ii\semestrul 1\programre orientata obiect\tank++\gameengine\x64\debug\bullet.obj
d:\facultate an ii\semestrul 1\programre orientata obiect\tank++\gameengine\x64\debug\behavior.obj
d:\facultate an ii\semestrul 1\programre orientata obiect\tank++\gameengine\x64\debug\animation.obj
d:\facultate an ii\semestrul 1\programre orientata obiect\tank++\gameengine\x64\debug\aibehavior.obj
d:\facultate an ii\semestrul 1\programre orientata obiect\tank++\gameengine\x64\debug\tank.obj
d:\facultate an ii\semestrul 1\programre orientata obiect\tank++\gameengine\x64\debug\mapspacemanager.obj
d:\facultate an ii\semestrul 1\programre orientata obiect\tank++\gameengine\x64\debug\tankbuilder.obj
d:\facultate an ii\semestrul 1\programre orientata obiect\tank++\gameengine\x64\debug\menubuilder.obj
d:\facultate an ii\semestrul 1\programre orientata obiect\tank++\gameengine\x64\debug\wall.obj
d:\facultate an ii\semestrul 1\programre orientata obiect\tank++\gameengine\x64\debug\mapdestructibleobject.obj
d:\facultate an ii\semestrul 1\programre orientata obiect\tank++\gameengine\x64\debug\mine.obj
d:\facultate an ii\semestrul 1\programre orientata obiect\tank++\gameengine\x64\debug\specialobjectsmanager.obj
d:\facultate an ii\semestrul 1\programre orientata obiect\tank++\gameengine\x64\debug\barrel.obj
d:\facultate an ii\semestrul 1\programre orientata obiect\tank++\gameengine\x64\debug\infomanager.obj
d:\facultate an ii\semestrul 1\programre orientata obiect\tank++\x64\debug\game.exe
d:\facultate an ii\semestrul 1\programre orientata obiect\tank++\gameengine\x64\debug\game.ilk
d:\facultate an ii\semestrul 1\programre orientata obiect\tank++\x64\debug\game.pdb
d:\facultate an ii\semestrul 1\programre orientata obiect\tank++\gameengine\x64\debug\basemovementcomponent.obj
d:\facultate an ii\semestrul 1\programre orientata obiect\tank++\gameengine\x64\debug\memoryallocatedmanager.obj
d:\facultate an ii\semestrul 1\programre orientata obiect\tank++\gameengine\x64\debug\aibehavior.obj.enc
d:\facultate an ii\semestrul 1\programre orientata obiect\tank++\gameengine\x64\debug\animation.obj.enc
d:\facultate an ii\semestrul 1\programre orientata obiect\tank++\gameengine\x64\debug\animationshandler.obj.enc
d:\facultate an ii\semestrul 1\programre orientata obiect\tank++\gameengine\x64\debug\assetsstorage.obj.enc
d:\facultate an ii\semestrul 1\programre orientata obiect\tank++\gameengine\x64\debug\builder.obj.enc
d:\facultate an ii\semestrul 1\programre orientata obiect\tank++\gameengine\x64\debug\collisionmanager.obj.enc
d:\facultate an ii\semestrul 1\programre orientata obiect\tank++\gameengine\x64\debug\director.obj.enc
d:\facultate an ii\semestrul 1\programre orientata obiect\tank++\gameengine\x64\debug\enemybuilder.obj.enc
d:\facultate an ii\semestrul 1\programre orientata obiect\tank++\gameengine\x64\debug\engine.obj.enc
d:\facultate an ii\semestrul 1\programre orientata obiect\tank++\gameengine\x64\debug\game.obj.enc
d:\facultate an ii\semestrul 1\programre orientata obiect\tank++\gameengine\x64\debug\map.obj.enc
d:\facultate an ii\semestrul 1\programre orientata obiect\tank++\gameengine\x64\debug\mapspacemanager.obj.enc
d:\facultate an ii\semestrul 1\programre orientata obiect\tank++\gameengine\x64\debug\mediator.obj.enc
d:\facultate an ii\semestrul 1\programre orientata obiect\tank++\gameengine\x64\debug\memoryallocatedmanager.obj.enc
d:\facultate an ii\semestrul 1\programre orientata obiect\tank++\gameengine\x64\debug\playerbuilder.obj.enc
d:\facultate an ii\semestrul 1\programre orientata obiect\tank++\gameengine\x64\debug\wall.obj.enc
d:\facultate an ii\semestrul 1\programre orientata obiect\tank++\gameengine\x64\debug\game.tlog\cl.command.1.tlog
d:\facultate an ii\semestrul 1\programre orientata obiect\tank++\gameengine\x64\debug\game.tlog\cl.read.1.tlog
d:\facultate an ii\semestrul 1\programre orientata obiect\tank++\gameengine\x64\debug\game.tlog\cl.write.1.tlog
d:\facultate an ii\semestrul 1\programre orientata obiect\tank++\gameengine\x64\debug\game.tlog\link.command.1.tlog
d:\facultate an ii\semestrul 1\programre orientata obiect\tank++\gameengine\x64\debug\game.tlog\link.read.1.tlog
d:\facultate an ii\semestrul 1\programre orientata obiect\tank++\gameengine\x64\debug\game.tlog\link.write.1.tlog
