  AiMovement.cpp
D:\Facultate an II\Semestrul 1\Programre Orientata Obiect\tank++\GameEngine\Component.h(3,9): fatal  error C1083: Cannot open include file: 'SDL.h': No such file or directory
  AssetsStorage.cpp
D:\Facultate an II\Semestrul 1\Programre Orientata Obiect\tank++\GameEngine\Component.h(3,9): fatal  error C1083: Cannot open include file: 'SDL.h': No such file or directory
  Body.cpp
D:\Facultate an II\Semestrul 1\Programre Orientata Obiect\tank++\GameEngine\Component.h(3,9): fatal  error C1083: Cannot open include file: 'SDL.h': No such file or directory
  CameraManager.cpp
  Cannon.cpp
D:\Facultate an II\Semestrul 1\Programre Orientata Obiect\tank++\GameEngine\Component.h(3,9): fatal  error C1083: Cannot open include file: 'SDL.h': No such file or directory
  CollisionManager.cpp
D:\Facultate an II\Semestrul 1\Programre Orientata Obiect\tank++\GameEngine\Component.h(3,9): fatal  error C1083: Cannot open include file: 'SDL.h': No such file or directory
  EnemyBuilder.cpp
D:\Facultate an II\Semestrul 1\Programre Orientata Obiect\tank++\GameEngine\Component.h(3,9): fatal  error C1083: Cannot open include file: 'SDL.h': No such file or directory
  Game.cpp
D:\Facultate an II\Semestrul 1\Programre Orientata Obiect\tank++\GameEngine\Engine.h(3,10): fatal  error C1083: Cannot open include file: 'SDL.h': No such file or directory
  Engine.cpp
D:\Facultate an II\Semestrul 1\Programre Orientata Obiect\tank++\GameEngine\Engine.h(3,10): fatal  error C1083: Cannot open include file: 'SDL.h': No such file or directory
  InputManager.cpp
D:\Facultate an II\Semestrul 1\Programre Orientata Obiect\tank++\GameEngine\InputManager.h(3,9): fatal  error C1083: Cannot open include file: 'SDL.h': No such file or directory
  InputMovement.cpp
D:\Facultate an II\Semestrul 1\Programre Orientata Obiect\tank++\GameEngine\Component.h(3,9): fatal  error C1083: Cannot open include file: 'SDL.h': No such file or directory
  Map.cpp
D:\Facultate an II\Semestrul 1\Programre Orientata Obiect\tank++\GameEngine\Component.h(3,9): fatal  error C1083: Cannot open include file: 'SDL.h': No such file or directory
  PlayerBuilder.cpp
D:\Facultate an II\Semestrul 1\Programre Orientata Obiect\tank++\GameEngine\Component.h(3,9): fatal  error C1083: Cannot open include file: 'SDL.h': No such file or directory
  RendererManager.cpp
D:\Facultate an II\Semestrul 1\Programre Orientata Obiect\tank++\GameEngine\RendererManager.h(3,9): fatal  error C1083: Cannot open include file: 'SDL.h': No such file or directory
  Tank.cpp
D:\Facultate an II\Semestrul 1\Programre Orientata Obiect\tank++\GameEngine\Component.h(3,9): fatal  error C1083: Cannot open include file: 'SDL.h': No such file or directory
  Builder.cpp
D:\Facultate an II\Semestrul 1\Programre Orientata Obiect\tank++\GameEngine\Component.h(3,9): fatal  error C1083: Cannot open include file: 'SDL.h': No such file or directory
  Director.cpp
D:\Facultate an II\Semestrul 1\Programre Orientata Obiect\tank++\GameEngine\Component.h(3,9): fatal  error C1083: Cannot open include file: 'SDL.h': No such file or directory
  TimeManager.cpp
D:\Facultate an II\Semestrul 1\Programre Orientata Obiect\tank++\GameEngine\TimeManager.h(3,9): fatal  error C1083: Cannot open include file: 'SDL.h': No such file or directory
  tinyxml2.cpp
